<?xml version="1.0" encoding="UTF-8"?>
<!-- Generated by org.testng.reporters.JUnitXMLReporter -->
<testsuite hostname="Darshan" ignored="0" name="LoginApplicationTC1" tests="1" failures="1" timestamp="22 May 2020 20:20:06 GMT" time="104.178" errors="0">
  <testcase name="Login" time="78.432" classname="com.testcases.LoginApplicationTC1">
    <failure type="java.lang.AssertionError" message="The following asserts failed:
	expected [Create an account] but found [CREATE AN ACCOUNT],
	We skip the email ! it is already Present expected [false] but found [true],
	expected [Your address] but found [YOUR ADDRESS]">
      <![CDATA[java.lang.AssertionError: The following asserts failed:
	expected [Create an account] but found [CREATE AN ACCOUNT],
	We skip the email ! it is already Present expected [false] but found [true],
	expected [Your address] but found [YOUR ADDRESS]
	at com.testcases.LoginApplicationTC1.Login(LoginApplicationTC1.java:177)
	at java.util.concurrent.ThreadPoolExecutor.runWorker(ThreadPoolExecutor.java:1149)
	at java.util.concurrent.ThreadPoolExecutor$Worker.run(ThreadPoolExecutor.java:624)
	at java.lang.Thread.run(Thread.java:748)
... Removed 11 stack frames]]>
    </failure>
  </testcase> <!-- Login -->
</testsuite> <!-- LoginApplicationTC1 -->
