<?xml version="1.0" encoding="UTF-8"?>
<!-- Generated by org.testng.reporters.JUnitXMLReporter -->
<testsuite hostname="Darshan" ignored="0" name="ShopingTC2" tests="1" failures="1" timestamp="22 May 2020 20:20:32 GMT" time="25.444" errors="0">
  <testcase name="shopping" time="5.606" classname="com.testcases.ShopingTC2">
    <failure type="java.lang.NullPointerException">
      <![CDATA[java.lang.NullPointerException
	at com.testcases.ShopingTC2.shopping(ShopingTC2.java:67)
	at java.util.concurrent.ThreadPoolExecutor.runWorker(ThreadPoolExecutor.java:1149)
	at java.util.concurrent.ThreadPoolExecutor$Worker.run(ThreadPoolExecutor.java:624)
	at java.lang.Thread.run(Thread.java:748)
... Removed 10 stack frames]]>
    </failure>
  </testcase> <!-- shopping -->
</testsuite> <!-- ShopingTC2 -->
