<?xml version="1.0" encoding="UTF-8"?>
<testng-results skipped="0" failed="0" ignored="0" total="1" passed="1">
  <reporter-output>
  </reporter-output>
  <suite name="Default suite" duration-ms="89517" started-at="2020-05-23T15:16:40Z" finished-at="2020-05-23T15:18:10Z">
    <groups>
    </groups>
    <test name="Default test" duration-ms="89517" started-at="2020-05-23T15:16:40Z" finished-at="2020-05-23T15:18:10Z">
      <class name="com.testcases.ShopingTC2">
        <test-method status="PASS" signature="init()[pri:0, instance:com.testcases.ShopingTC2@6d78f375]" name="init" is-config="true" duration-ms="22049" started-at="2020-05-23T20:46:40Z" finished-at="2020-05-23T20:47:02Z">
          <reporter-output>
          </reporter-output>
        </test-method> <!-- init -->
        <test-method status="PASS" signature="shopping()[pri:0, instance:com.testcases.ShopingTC2@6d78f375]" name="shopping" duration-ms="66156" started-at="2020-05-23T20:47:02Z" finished-at="2020-05-23T20:48:08Z">
          <reporter-output>
          </reporter-output>
        </test-method> <!-- shopping -->
        <test-method status="PASS" signature="tearDown()[pri:0, instance:com.testcases.ShopingTC2@6d78f375]" name="tearDown" is-config="true" duration-ms="1280" started-at="2020-05-23T20:48:08Z" finished-at="2020-05-23T20:48:10Z">
          <reporter-output>
          </reporter-output>
        </test-method> <!-- tearDown -->
      </class> <!-- com.testcases.ShopingTC2 -->
    </test> <!-- Default test -->
  </suite> <!-- Default suite -->
</testng-results>
